#
# There is insufficient memory for the Java Runtime Environment to continue.
# Native memory allocation (mmap) failed to map 264241152 bytes for G1 virtual space
# Possible reasons:
#   The system is out of physical RAM or swap space
#   The process is running with CompressedOops enabled, and the Java Heap may be blocking the growth of the native heap
# Possible solutions:
#   Reduce memory load on the system
#   Increase physical memory or swap space
#   Check if swap backing store is full
#   Decrease Java heap size (-Xmx/-Xms)
#   Decrease number of Java threads
#   Decrease Java thread stack sizes (-Xss)
#   Set larger code cache with -XX:ReservedCodeCacheSize=
#   JVM is running with Zero Based Compressed Oops mode in which the Java heap is
#     placed in the first 32GB address space. The Java Heap base address is the
#     maximum limit for the native heap growth. Please use -XX:HeapBaseMinAddress
#     to set the Java Heap base and to place the Java Heap above 32GB virtual address.
# This output file may be truncated or incomplete.
#
#  Out of Memory Error (os_windows.cpp:3532), pid=14696, tid=2296
#
# JRE version:  (17.0.2+8) (build )
# Java VM: Java HotSpot(TM) 64-Bit Server VM (17.0.2+8-LTS-86, mixed mode, sharing, tiered, compressed oops, compressed class ptrs, g1 gc, windows-amd64)
# No core dump will be written. Minidumps are not enabled by default on client versions of Windows
#

---------------  S U M M A R Y ------------

Command Line: target/client-jar-with-dependencies.jar admin 3200 localhost 3201

Host: 11th Gen Intel(R) Core(TM) i7-11800H @ 2.30GHz, 16 cores, 15G,  Windows 11 , 64 bit Build 22621 (10.0.22621.608)
Time: Fri Oct 21 05:24:27 2022  Windows 11 , 64 bit Build 22621 (10.0.22621.608) elapsed time: 0.009026 seconds (0d 0h 0m 0s)

---------------  T H R E A D  ---------------

Current thread (0x0000024076f7ec90):  JavaThread "Unknown thread" [_thread_in_vm, id=2296, stack(0x000000631fc00000,0x000000631fd00000)]

Stack: [0x000000631fc00000,0x000000631fd00000]
Native frames: (J=compiled Java code, j=interpreted, Vv=VM code, C=native code)
V  [jvm.dll+0x670baa]
V  [jvm.dll+0x7cfcb4]
V  [jvm.dll+0x7d145e]
V  [jvm.dll+0x7d1ac3]
V  [jvm.dll+0x242bc5]
V  [jvm.dll+0x66dac9]
V  [jvm.dll+0x662412]
V  [jvm.dll+0x300c0b]
V  [jvm.dll+0x3081a6]
V  [jvm.dll+0x357d0e]
V  [jvm.dll+0x357f3f]
V  [jvm.dll+0x2d7ec8]
V  [jvm.dll+0x2d8e34]
V  [jvm.dll+0x7a18c1]
V  [jvm.dll+0x365a91]
V  [jvm.dll+0x780d2c]
V  [jvm.dll+0x3e845f]
V  [jvm.dll+0x3e9f01]
C  [jli.dll+0x527b]
C  [ucrtbase.dll+0x29363]
C  [KERNEL32.DLL+0x1244d]
C  [ntdll.dll+0x5df78]


---------------  P R O C E S S  ---------------

Threads class SMR info:
_java_thread_list=0x00007ffc13829858, length=0, elements={
}

Java Threads: ( => current thread )

Other Threads:
  0x0000024076fce2f0 GCTaskThread "GC Thread#0" [stack: 0x000000631fd00000,0x000000631fe00000] [id=2316]
  0x0000024076fded40 ConcurrentGCThread "G1 Main Marker" [stack: 0x000000631fe00000,0x000000631ff00000] [id=2320]
  0x0000024076fdf660 ConcurrentGCThread "G1 Conc#0" [stack: 0x000000631ff00000,0x0000006320000000] [id=1884]

[error occurred during error reporting (printing all threads), id 0xc0000005, EXCEPTION_ACCESS_VIOLATION (0xc0000005) at pc=0x00007ffc130788a7]

VM state: not at safepoint (not fully initialized)

VM Mutex/Monitor currently owned by a thread:  ([mutex/lock_event])
[0x0000024076f7bcf0] Heap_lock - owner thread: 0x0000024076f7ec90

Heap address: 0x0000000704000000, size: 4032 MB, Compressed Oops mode: Zero based, Oop shift amount: 3

CDS archive(s) mapped at: [0x0000000000000000-0x0000000000000000-0x0000000000000000), size 0, SharedBaseAddress: 0x0000000800000000, ArchiveRelocationMode: 0.
Narrow klass base: 0x0000000000000000, Narrow klass shift: 0, Narrow klass range: 0x0

GC Precious Log:
<Empty>

Heap:
 garbage-first heap   total 0K, used 0K [0x0000000704000000, 0x0000000800000000)
  region size 2048K, 0 young (0K), 0 survivors (0K)

[error occurred during error reporting (printing heap information), id 0xc0000005, EXCEPTION_ACCESS_VIOLATION (0xc0000005) at pc=0x00007ffc13459f19]

GC Heap History (0 events):
No events

Deoptimization events (0 events):
No events

Classes unloaded (0 events):
No events

Classes redefined (0 events):
No events

Internal exceptions (0 events):
No events

VM Operations (0 events):
No events

Events (1 events):
Event: 0.005 Loaded shared library E:\programming_tools\JavaJDK\bin\java.dll


Dynamic libraries:
0x00007ff7fb4c0000 - 0x00007ff7fb4d0000 	E:\programming_tools\JavaJDK\bin\java.exe
0x00007ffc4cab0000 - 0x00007ffc4ccc4000 	C:\WINDOWS\SYSTEM32\ntdll.dll
0x00007ffc4ac60000 - 0x00007ffc4ad22000 	C:\WINDOWS\System32\KERNEL32.DLL
0x00007ffc4a190000 - 0x00007ffc4a52c000 	C:\WINDOWS\System32\KERNELBASE.dll
0x00007ffc49fb0000 - 0x00007ffc4a0c1000 	C:\WINDOWS\System32\ucrtbase.dll
0x00007ffc38fa0000 - 0x00007ffc38fb8000 	E:\programming_tools\JavaJDK\bin\jli.dll
0x00007ffc38f80000 - 0x00007ffc38f9a000 	E:\programming_tools\JavaJDK\bin\VCRUNTIME140.dll
0x00007ffc4ae00000 - 0x00007ffc4aeae000 	C:\WINDOWS\System32\ADVAPI32.dll
0x00007ffc4c850000 - 0x00007ffc4c8f7000 	C:\WINDOWS\System32\msvcrt.dll
0x00007ffc4abb0000 - 0x00007ffc4ac54000 	C:\WINDOWS\System32\sechost.dll
0x00007ffc4c720000 - 0x00007ffc4c835000 	C:\WINDOWS\System32\RPCRT4.dll
0x00007ffc4c570000 - 0x00007ffc4c71a000 	C:\WINDOWS\System32\USER32.dll
0x00007ffc49f80000 - 0x00007ffc49fa6000 	C:\WINDOWS\System32\win32u.dll
0x00007ffc2b8d0000 - 0x00007ffc2bb5e000 	C:\WINDOWS\WinSxS\amd64_microsoft.windows.common-controls_6595b64144ccf1df_6.0.22621.608_none_a9444ca7c10bb01d\COMCTL32.dll
0x00007ffc4ab80000 - 0x00007ffc4aba9000 	C:\WINDOWS\System32\GDI32.dll
0x00007ffc4a5b0000 - 0x00007ffc4a6c2000 	C:\WINDOWS\System32\gdi32full.dll
0x00007ffc49ee0000 - 0x00007ffc49f7a000 	C:\WINDOWS\System32\msvcp_win.dll
0x00007ffc400b0000 - 0x00007ffc400ba000 	C:\WINDOWS\SYSTEM32\VERSION.dll
0x00007ffc4ab40000 - 0x00007ffc4ab71000 	C:\WINDOWS\System32\IMM32.DLL
0x00007ffc42460000 - 0x00007ffc4246c000 	E:\programming_tools\JavaJDK\bin\vcruntime140_1.dll
0x00007ffc38ef0000 - 0x00007ffc38f7d000 	E:\programming_tools\JavaJDK\bin\msvcp140.dll
0x00007ffc12d90000 - 0x00007ffc13951000 	E:\programming_tools\JavaJDK\bin\server\jvm.dll
0x00007ffc4c840000 - 0x00007ffc4c848000 	C:\WINDOWS\System32\PSAPI.DLL
0x00007ffc38830000 - 0x00007ffc38839000 	C:\WINDOWS\SYSTEM32\WSOCK32.dll
0x00007ffc3f040000 - 0x00007ffc3f074000 	C:\WINDOWS\SYSTEM32\WINMM.dll
0x00007ffc4c090000 - 0x00007ffc4c101000 	C:\WINDOWS\System32\WS2_32.dll
0x00007ffc49050000 - 0x00007ffc49068000 	C:\WINDOWS\SYSTEM32\kernel.appcore.dll
0x00007ffc3f080000 - 0x00007ffc3f08a000 	E:\programming_tools\JavaJDK\bin\jimage.dll
0x00007ffc473b0000 - 0x00007ffc475de000 	C:\WINDOWS\SYSTEM32\DBGHELP.DLL
0x00007ffc4c110000 - 0x00007ffc4c499000 	C:\WINDOWS\System32\combase.dll
0x00007ffc4c990000 - 0x00007ffc4ca67000 	C:\WINDOWS\System32\OLEAUT32.dll
0x00007ffc3b930000 - 0x00007ffc3b962000 	C:\WINDOWS\SYSTEM32\dbgcore.DLL
0x00007ffc4a530000 - 0x00007ffc4a5ab000 	C:\WINDOWS\System32\bcryptPrimitives.dll
0x00007ffc38ec0000 - 0x00007ffc38ee5000 	E:\programming_tools\JavaJDK\bin\java.dll

dbghelp: loaded successfully - version: 4.0.5 - missing functions: none
symbol engine: initialized successfully - sym options: 0x614 - pdb path: .;E:\programming_tools\JavaJDK\bin;C:\WINDOWS\SYSTEM32;C:\WINDOWS\WinSxS\amd64_microsoft.windows.common-controls_6595b64144ccf1df_6.0.22621.608_none_a9444ca7c10bb01d;E:\programming_tools\JavaJDK\bin\server

VM Arguments:
java_command: target/client-jar-with-dependencies.jar admin 3200 localhost 3201
java_class_path (initial): target/client-jar-with-dependencies.jar
Launcher Type: SUN_STANDARD

[Global flags]
     intx CICompilerCount                          = 12                                        {product} {ergonomic}
     uint ConcGCThreads                            = 3                                         {product} {ergonomic}
     uint G1ConcRefinementThreads                  = 13                                        {product} {ergonomic}
   size_t G1HeapRegionSize                         = 2097152                                   {product} {ergonomic}
    uintx GCDrainStackTargetSize                   = 64                                        {product} {ergonomic}
   size_t InitialHeapSize                          = 264241152                                 {product} {ergonomic}
   size_t MarkStackSize                            = 4194304                                   {product} {ergonomic}
   size_t MaxHeapSize                              = 4227858432                                {product} {ergonomic}
   size_t MinHeapDeltaBytes                        = 2097152                                   {product} {ergonomic}
   size_t MinHeapSize                              = 8388608                                   {product} {ergonomic}
    uintx NonNMethodCodeHeapSize                   = 7602480                                {pd product} {ergonomic}
    uintx NonProfiledCodeHeapSize                  = 122027880                              {pd product} {ergonomic}
    uintx ProfiledCodeHeapSize                     = 122027880                              {pd product} {ergonomic}
    uintx ReservedCodeCacheSize                    = 251658240                              {pd product} {ergonomic}
     bool SegmentedCodeCache                       = true                                      {product} {ergonomic}
   size_t SoftMaxHeapSize                          = 4227858432                             {manageable} {ergonomic}
     bool UseCompressedClassPointers               = true                           {product lp64_product} {ergonomic}
     bool UseCompressedOops                        = true                           {product lp64_product} {ergonomic}
     bool UseG1GC                                  = true                                      {product} {ergonomic}
     bool UseLargePagesIndividualAllocation        = false                                  {pd product} {ergonomic}

Logging:
Log output configuration:
 #0: stdout all=warning uptime,level,tags
 #1: stderr all=off uptime,level,tags

Environment Variables:
PATH=C:\Program Files\Microsoft MPI\Bin\;C:\Program Files\Common Files\Oracle\Java\javapath;C:\Windows\system32;C:\Windows;C:\Windows\System32\Wbem;C:\Windows\System32\WindowsPowerShell\v1.0\;C:\Windows\System32\OpenSSH\;C:\Program Files (x86)\NVIDIA Corporation\PhysX\Common;C:\Program Files\NVIDIA Corporation\NVIDIA NvDLISR;E:\programming_tools\Git\cmd;E:\programming_tools\MATLAB\bin;C:\Program Files\dotnet\;E:\programming_tools\Graphviz\bin;E:\other_codes\putty\;C:\Program Files\Docker\Docker\resources\bin;C:\ProgramData\DockerDesktop\version-bin;C:\WINDOWS\system32;C:\WINDOWS;C:\WINDOWS\System32\Wbem;C:\WINDOWS\System32\WindowsPowerShell\v1.0\;C:\WINDOWS\System32\OpenSSH\;C:\Program Files\MySQL\MySQL Shell 8.0\bin\;E:\programming_tools\Python\Scripts\;E:\programming_tools\Python\;C:\Users\Arthu\AppData\Local\Microsoft\WindowsApps;E:\programming_tools\Microsoft VS Code\bin;E:\programming_tools\PyCharm 2021.3.2\bin;;E:\programming_tools\CLion 2021.3.3\bin;;E:\programming_tools\IntelliJiDEA\IntelliJ IDEA 2022.2.1\bin;;C:\Program Files\MySQL\MySQL Server 8.0\bin\;E:\programming_tools\apache-ant-1.9.16-bin\apache-ant-1.9.16\bin;E:\programming_tools\apache-maven-3.8.6-bin\apache-maven-3.8.6\bin;E:\programming_tools\CLion 2021.3.3\bin\mingw\bin;C:\Program Files\Microsoft MPI\Bin;
USERNAME=Arthu
OS=Windows_NT
PROCESSOR_IDENTIFIER=Intel64 Family 6 Model 141 Stepping 1, GenuineIntel



---------------  S Y S T E M  ---------------

OS:
 Windows 11 , 64 bit Build 22621 (10.0.22621.608)
OS uptime: 0 days 1:35 hours
Hyper-V role detected

CPU: total 16 (initial active 16) (8 cores per cpu, 2 threads per core) family 6 model 141 stepping 1 microcode 0x3e, cx8, cmov, fxsr, ht, mmx, 3dnowpref, sse, sse2, sse3, ssse3, sse4.1, sse4.2, popcnt, lzcnt, tsc, tscinvbit, avx, avx2, aes, erms, clmul, bmi1, bmi2, adx, avx512f, avx512dq, avx512cd, avx512bw, avx512vl, sha, fma, vzeroupper, avx512_vpopcntdq, avx512_vpclmulqdq, avx512_vaes, avx512_vnni, clflush, clflushopt, clwb, avx512_vbmi2, avx512_vbmi, hv

Memory: 4k page, system-wide physical 16122M (6571M free)
TotalPageFile size 24314M (AvailPageFile size 228M)
current process WorkingSet (physical memory assigned to process): 11M, peak: 11M
current process commit charge ("private bytes"): 70M, peak: 322M

vm_info: Java HotSpot(TM) 64-Bit Server VM (17.0.2+8-LTS-86) for windows-amd64 JRE (17.0.2+8-LTS-86), built on Dec  7 2021 21:51:03 by "mach5one" with MS VC++ 16.8 / 16.9 (VS2019)

END.
