#
# There is insufficient memory for the Java Runtime Environment to continue.
# Native memory allocation (malloc) failed to allocate 709296 bytes for Chunk::new
# Possible reasons:
#   The system is out of physical RAM or swap space
#   The process is running with CompressedOops enabled, and the Java Heap may be blocking the growth of the native heap
# Possible solutions:
#   Reduce memory load on the system
#   Increase physical memory or swap space
#   Check if swap backing store is full
#   Decrease Java heap size (-Xmx/-Xms)
#   Decrease number of Java threads
#   Decrease Java thread stack sizes (-Xss)
#   Set larger code cache with -XX:ReservedCodeCacheSize=
#   JVM is running with Zero Based Compressed Oops mode in which the Java heap is
#     placed in the first 32GB address space. The Java Heap base address is the
#     maximum limit for the native heap growth. Please use -XX:HeapBaseMinAddress
#     to set the Java Heap base and to place the Java Heap above 32GB virtual address.
# This output file may be truncated or incomplete.
#
#  Out of Memory Error (arena.cpp:189), pid=12728, tid=24892
#
# JRE version: Java(TM) SE Runtime Environment (17.0.2+8) (build 17.0.2+8-LTS-86)
# Java VM: Java HotSpot(TM) 64-Bit Server VM (17.0.2+8-LTS-86, mixed mode, sharing, tiered, compressed oops, compressed class ptrs, g1 gc, windows-amd64)
# No core dump will be written. Minidumps are not enabled by default on client versions of Windows
#

---------------  S U M M A R Y ------------

Command Line: target/client-jar-with-dependencies.jar admin 3200 localhost 3201

Host: 11th Gen Intel(R) Core(TM) i7-11800H @ 2.30GHz, 16 cores, 15G,  Windows 11 , 64 bit Build 22621 (10.0.22621.608)
Time: Fri Oct 21 05:23:40 2022  Windows 11 , 64 bit Build 22621 (10.0.22621.608) elapsed time: 1.782414 seconds (0d 0h 0m 1s)

---------------  T H R E A D  ---------------

Current thread (0x0000017ee04af220):  JavaThread "C2 CompilerThread0" daemon [_thread_in_native, id=24892, stack(0x00000009b7100000,0x00000009b7200000)]


Current CompileTask:
C2:   1782 1281       4       sun.util.locale.BaseLocale::getInstance (149 bytes)

Stack: [0x00000009b7100000,0x00000009b7200000]
Native frames: (J=compiled Java code, j=interpreted, Vv=VM code, C=native code)
V  [jvm.dll+0x670baa]
V  [jvm.dll+0x7cfcb4]
V  [jvm.dll+0x7d145e]
V  [jvm.dll+0x7d1ac3]
V  [jvm.dll+0x242bc5]
V  [jvm.dll+0xaa57b]
V  [jvm.dll+0xaab0c]
V  [jvm.dll+0x35fcb2]
V  [jvm.dll+0x32a331]
V  [jvm.dll+0x3297da]
V  [jvm.dll+0x215c91]
V  [jvm.dll+0x2150b1]
V  [jvm.dll+0x1a1bbd]
V  [jvm.dll+0x224908]
V  [jvm.dll+0x222a6c]
V  [jvm.dll+0x7859bb]
V  [jvm.dll+0x77ff7a]
V  [jvm.dll+0x66fa35]
C  [ucrtbase.dll+0x29363]
C  [KERNEL32.DLL+0x1244d]
C  [ntdll.dll+0x5df78]


---------------  P R O C E S S  ---------------

Threads class SMR info:
_java_thread_list=0x0000017ee4398620, length=26, elements={
0x0000017ee048e2d0, 0x0000017ee048ed90, 0x0000017ee04ac3a0, 0x0000017ee04acc60,
0x0000017ee04ad520, 0x0000017ee04ae580, 0x0000017ee04af220, 0x0000017ee04b2380,
0x0000017ee04b3420, 0x0000017ee10fc4e0, 0x0000017ee1142e50, 0x0000017ee1150d40,
0x0000017ee13d2350, 0x0000017ee13dd2f0, 0x0000017ee13e05d0, 0x0000017ee1459260,
0x0000017ee18b4b80, 0x0000017ee18644e0, 0x0000017ee1865820, 0x0000017ee18631a0,
0x0000017ee1864e80, 0x0000017ee1863670, 0x0000017ee1862800, 0x0000017ee1863b40,
0x0000017ee18649b0, 0x0000017ee1865350
}

Java Threads: ( => current thread )
  0x0000017ee048e2d0 JavaThread "Reference Handler" daemon [_thread_blocked, id=7060, stack(0x00000009b6b00000,0x00000009b6c00000)]
  0x0000017ee048ed90 JavaThread "Finalizer" daemon [_thread_blocked, id=18960, stack(0x00000009b6c00000,0x00000009b6d00000)]
  0x0000017ee04ac3a0 JavaThread "Signal Dispatcher" daemon [_thread_blocked, id=12060, stack(0x00000009b6d00000,0x00000009b6e00000)]
  0x0000017ee04acc60 JavaThread "Attach Listener" daemon [_thread_blocked, id=10308, stack(0x00000009b6e00000,0x00000009b6f00000)]
  0x0000017ee04ad520 JavaThread "Service Thread" daemon [_thread_blocked, id=3540, stack(0x00000009b6f00000,0x00000009b7000000)]
  0x0000017ee04ae580 JavaThread "Monitor Deflation Thread" daemon [_thread_blocked, id=6496, stack(0x00000009b7000000,0x00000009b7100000)]
=>0x0000017ee04af220 JavaThread "C2 CompilerThread0" daemon [_thread_in_native, id=24892, stack(0x00000009b7100000,0x00000009b7200000)]
  0x0000017ee04b2380 JavaThread "C1 CompilerThread0" daemon [_thread_blocked, id=15592, stack(0x00000009b7200000,0x00000009b7300000)]
  0x0000017ee04b3420 JavaThread "Sweeper thread" daemon [_thread_blocked, id=4524, stack(0x00000009b7300000,0x00000009b7400000)]
  0x0000017ee10fc4e0 JavaThread "C1 CompilerThread1" daemon [_thread_blocked, id=26572, stack(0x00000009b7400000,0x00000009b7500000)]
  0x0000017ee1142e50 JavaThread "Notification Thread" daemon [_thread_blocked, id=5976, stack(0x00000009b7500000,0x00000009b7600000)]
  0x0000017ee1150d40 JavaThread "Common-Cleaner" daemon [_thread_blocked, id=17904, stack(0x00000009b7700000,0x00000009b7800000)]
  0x0000017ee13d2350 JavaThread "Java2D Disposer" daemon [_thread_blocked, id=24992, stack(0x00000009b7a00000,0x00000009b7b00000)]
  0x0000017ee13dd2f0 JavaThread "AWT-Shutdown" [_thread_blocked, id=11632, stack(0x00000009b7b00000,0x00000009b7c00000)]
  0x0000017ee13e05d0 JavaThread "AWT-Windows" daemon [_thread_in_native, id=23880, stack(0x00000009b7c00000,0x00000009b7d00000)]
  0x0000017ee1459260 JavaThread "AWT-EventQueue-0" [_thread_blocked, id=23608, stack(0x00000009b7d00000,0x00000009b7e00000)]
  0x0000017ee18b4b80 JavaThread "Thread-0" [_thread_in_native, id=20460, stack(0x00000009b8300000,0x00000009b8400000)]
  0x0000017ee18644e0 JavaThread "Thread-1" [_thread_in_Java, id=17484, stack(0x00000009b8400000,0x00000009b8500000)]
  0x0000017ee1865820 JavaThread "DestroyJavaVM" [_thread_blocked, id=19980, stack(0x00000009b6400000,0x00000009b6500000)]
  0x0000017ee18631a0 JavaThread "pool-1-thread-1" [_thread_blocked, id=22132, stack(0x00000009b7800000,0x00000009b7900000)]
  0x0000017ee1864e80 JavaThread "pool-1-thread-2" [_thread_blocked, id=23224, stack(0x00000009b7900000,0x00000009b7a00000)]
  0x0000017ee1863670 JavaThread "pool-1-thread-3" [_thread_blocked, id=23576, stack(0x00000009b7e00000,0x00000009b7f00000)]
  0x0000017ee1862800 JavaThread "pool-1-thread-4" [_thread_in_vm, id=21736, stack(0x00000009b8500000,0x00000009b8600000)]
  0x0000017ee1863b40 JavaThread "pool-1-thread-5" [_thread_blocked, id=12584, stack(0x00000009b8900000,0x00000009b8a00000)]
  0x0000017ee18649b0 JavaThread "pool-1-thread-6" [_thread_blocked, id=23816, stack(0x00000009b8a00000,0x00000009b8b00000)]
  0x0000017ee1865350 JavaThread "pool-1-thread-7" [_thread_blocked, id=24664, stack(0x00000009b8b00000,0x00000009b8c00000)]

Other Threads:
  0x0000017ee0489180 VMThread "VM Thread" [stack: 0x00000009b6a00000,0x00000009b6b00000] [id=23192]
  0x0000017ee114de70 WatcherThread [stack: 0x00000009b7600000,0x00000009b7700000] [id=988]
  0x0000017ebcdffb10 GCTaskThread "GC Thread#0" [stack: 0x00000009b6500000,0x00000009b6600000] [id=17024]
  0x0000017ee41e23c0 GCTaskThread "GC Thread#1" [stack: 0x00000009b8c00000,0x00000009b8d00000] [id=17280]
  0x0000017ee44727b0 GCTaskThread "GC Thread#2" [stack: 0x00000009b8d00000,0x00000009b8e00000] [id=5204]
  0x0000017ee436d6c0 GCTaskThread "GC Thread#3" [stack: 0x00000009b8e00000,0x00000009b8f00000] [id=22308]
  0x0000017ee459eb60 GCTaskThread "GC Thread#4" [stack: 0x00000009b8f00000,0x00000009b9000000] [id=25280]
  0x0000017ee4396e30 GCTaskThread "GC Thread#5" [stack: 0x00000009b9000000,0x00000009b9100000] [id=17332]
  0x0000017ee41f4670 GCTaskThread "GC Thread#6" [stack: 0x00000009b9100000,0x00000009b9200000] [id=25020]
  0x0000017ee41f30f0 GCTaskThread "GC Thread#7" [stack: 0x00000009b9200000,0x00000009b9300000] [id=25868]
  0x0000017ee41f4920 GCTaskThread "GC Thread#8" [stack: 0x00000009b9300000,0x00000009b9400000] [id=24984]
  0x0000017ee41f3bb0 GCTaskThread "GC Thread#9" [stack: 0x00000009b9400000,0x00000009b9500000] [id=22140]
  0x0000017ee41f2e40 GCTaskThread "GC Thread#10" [stack: 0x00000009b9500000,0x00000009b9600000] [id=15820]
  0x0000017ee41f33a0 GCTaskThread "GC Thread#11" [stack: 0x00000009b9600000,0x00000009b9700000] [id=5944]
  0x0000017ee41f4110 GCTaskThread "GC Thread#12" [stack: 0x00000009b9700000,0x00000009b9800000] [id=4932]
  0x0000017ebce106c0 ConcurrentGCThread "G1 Main Marker" [stack: 0x00000009b6600000,0x00000009b6700000] [id=9780]
  0x0000017ebce10fe0 ConcurrentGCThread "G1 Conc#0" [stack: 0x00000009b6700000,0x00000009b6800000] [id=10700]
  0x0000017ee0343900 ConcurrentGCThread "G1 Refine#0" [stack: 0x00000009b6800000,0x00000009b6900000] [id=20008]
  0x0000017ebce7e8f0 ConcurrentGCThread "G1 Service" [stack: 0x00000009b6900000,0x00000009b6a00000] [id=22356]

Threads with active compile tasks:
C2 CompilerThread0     1805 1281       4       sun.util.locale.BaseLocale::getInstance (149 bytes)

VM state: not at safepoint (normal execution)

VM Mutex/Monitor currently owned by a thread: None

Heap address: 0x0000000704000000, size: 4032 MB, Compressed Oops mode: Zero based, Oop shift amount: 3

CDS archive(s) mapped at: [0x0000000800000000-0x0000000800bc0000-0x0000000800bc0000), size 12320768, SharedBaseAddress: 0x0000000800000000, ArchiveRelocationMode: 0.
Compressed class space mapped at: 0x0000000800c00000-0x0000000840c00000, reserved size: 1073741824
Narrow klass base: 0x0000000800000000, Narrow klass shift: 0, Narrow klass range: 0x100000000

GC Precious Log:
 CPUs: 16 total, 16 available
 Memory: 16122M
 Large Page Support: Disabled
 NUMA Support: Disabled
 Compressed Oops: Enabled (Zero based)
 Heap Region Size: 2M
 Heap Min Capacity: 8M
 Heap Initial Capacity: 252M
 Heap Max Capacity: 4032M
 Pre-touch: Disabled
 Parallel Workers: 13
 Concurrent Workers: 3
 Concurrent Refinement Workers: 13
 Periodic GC: Disabled

Heap:
 garbage-first heap   total 258048K, used 16508K [0x0000000704000000, 0x0000000800000000)
  region size 2048K, 5 young (10240K), 2 survivors (4096K)
 Metaspace       used 12757K, committed 12928K, reserved 1064960K
  class space    used 1461K, committed 1536K, reserved 1048576K

Heap Regions: E=young(eden), S=young(survivor), O=old, HS=humongous(starts), HC=humongous(continues), CS=collection set, F=free, OA=open archive, CA=closed archive, TAMS=top-at-mark-start (previous, next)
|   0|0x0000000704000000, 0x0000000704200000, 0x0000000704200000|100%|HS|  |TAMS 0x0000000704000000, 0x0000000704000000| Complete 
|   1|0x0000000704200000, 0x0000000704400000, 0x0000000704400000|100%|HC|  |TAMS 0x0000000704200000, 0x0000000704200000| Complete 
|   2|0x0000000704400000, 0x0000000704600000, 0x0000000704600000|100%|HC|  |TAMS 0x0000000704400000, 0x0000000704400000| Complete 
|   3|0x0000000704600000, 0x0000000704800000, 0x0000000704800000|100%|HS|  |TAMS 0x0000000704600000, 0x0000000704600000| Complete 
|   4|0x0000000704800000, 0x000000070481f200, 0x0000000704a00000|  6%| O|  |TAMS 0x0000000704800000, 0x0000000704800000| Untracked 
|   5|0x0000000704a00000, 0x0000000704a00000, 0x0000000704c00000|  0%| F|  |TAMS 0x0000000704a00000, 0x0000000704a00000| Untracked 
|   6|0x0000000704c00000, 0x0000000704c00000, 0x0000000704e00000|  0%| F|  |TAMS 0x0000000704c00000, 0x0000000704c00000| Untracked 
|   7|0x0000000704e00000, 0x0000000704e00000, 0x0000000705000000|  0%| F|  |TAMS 0x0000000704e00000, 0x0000000704e00000| Untracked 
|   8|0x0000000705000000, 0x0000000705000000, 0x0000000705200000|  0%| F|  |TAMS 0x0000000705000000, 0x0000000705000000| Untracked 
|   9|0x0000000705200000, 0x0000000705200000, 0x0000000705400000|  0%| F|  |TAMS 0x0000000705200000, 0x0000000705200000| Untracked 
|  10|0x0000000705400000, 0x0000000705400000, 0x0000000705600000|  0%| F|  |TAMS 0x0000000705400000, 0x0000000705400000| Untracked 
|  11|0x0000000705600000, 0x0000000705600000, 0x0000000705800000|  0%| F|  |TAMS 0x0000000705600000, 0x0000000705600000| Untracked 
|  12|0x0000000705800000, 0x0000000705800000, 0x0000000705a00000|  0%| F|  |TAMS 0x0000000705800000, 0x0000000705800000| Untracked 
|  13|0x0000000705a00000, 0x0000000705a00000, 0x0000000705c00000|  0%| F|  |TAMS 0x0000000705a00000, 0x0000000705a00000| Untracked 
|  14|0x0000000705c00000, 0x0000000705c00000, 0x0000000705e00000|  0%| F|  |TAMS 0x0000000705c00000, 0x0000000705c00000| Untracked 
|  15|0x0000000705e00000, 0x0000000705e00000, 0x0000000706000000|  0%| F|  |TAMS 0x0000000705e00000, 0x0000000705e00000| Untracked 
|  16|0x0000000706000000, 0x0000000706000000, 0x0000000706200000|  0%| F|  |TAMS 0x0000000706000000, 0x0000000706000000| Untracked 
|  17|0x0000000706200000, 0x0000000706200000, 0x0000000706400000|  0%| F|  |TAMS 0x0000000706200000, 0x0000000706200000| Untracked 
|  18|0x0000000706400000, 0x0000000706400000, 0x0000000706600000|  0%| F|  |TAMS 0x0000000706400000, 0x0000000706400000| Untracked 
|  19|0x0000000706600000, 0x0000000706600000, 0x0000000706800000|  0%| F|  |TAMS 0x0000000706600000, 0x0000000706600000| Untracked 
|  20|0x0000000706800000, 0x0000000706800000, 0x0000000706a00000|  0%| F|  |TAMS 0x0000000706800000, 0x0000000706800000| Untracked 
|  21|0x0000000706a00000, 0x0000000706a00000, 0x0000000706c00000|  0%| F|  |TAMS 0x0000000706a00000, 0x0000000706a00000| Untracked 
|  22|0x0000000706c00000, 0x0000000706c00000, 0x0000000706e00000|  0%| F|  |TAMS 0x0000000706c00000, 0x0000000706c00000| Untracked 
|  23|0x0000000706e00000, 0x0000000706e00000, 0x0000000707000000|  0%| F|  |TAMS 0x0000000706e00000, 0x0000000706e00000| Untracked 
|  24|0x0000000707000000, 0x0000000707000000, 0x0000000707200000|  0%| F|  |TAMS 0x0000000707000000, 0x0000000707000000| Untracked 
|  25|0x0000000707200000, 0x0000000707200000, 0x0000000707400000|  0%| F|  |TAMS 0x0000000707200000, 0x0000000707200000| Untracked 
|  26|0x0000000707400000, 0x0000000707400000, 0x0000000707600000|  0%| F|  |TAMS 0x0000000707400000, 0x0000000707400000| Untracked 
|  27|0x0000000707600000, 0x0000000707600000, 0x0000000707800000|  0%| F|  |TAMS 0x0000000707600000, 0x0000000707600000| Untracked 
|  28|0x0000000707800000, 0x0000000707800000, 0x0000000707a00000|  0%| F|  |TAMS 0x0000000707800000, 0x0000000707800000| Untracked 
|  29|0x0000000707a00000, 0x0000000707a00000, 0x0000000707c00000|  0%| F|  |TAMS 0x0000000707a00000, 0x0000000707a00000| Untracked 
|  30|0x0000000707c00000, 0x0000000707c00000, 0x0000000707e00000|  0%| F|  |TAMS 0x0000000707c00000, 0x0000000707c00000| Untracked 
|  31|0x0000000707e00000, 0x0000000707e00000, 0x0000000708000000|  0%| F|  |TAMS 0x0000000707e00000, 0x0000000707e00000| Untracked 
|  32|0x0000000708000000, 0x0000000708000000, 0x0000000708200000|  0%| F|  |TAMS 0x0000000708000000, 0x0000000708000000| Untracked 
|  33|0x0000000708200000, 0x0000000708200000, 0x0000000708400000|  0%| F|  |TAMS 0x0000000708200000, 0x0000000708200000| Untracked 
|  34|0x0000000708400000, 0x0000000708400000, 0x0000000708600000|  0%| F|  |TAMS 0x0000000708400000, 0x0000000708400000| Untracked 
|  35|0x0000000708600000, 0x0000000708600000, 0x0000000708800000|  0%| F|  |TAMS 0x0000000708600000, 0x0000000708600000| Untracked 
|  36|0x0000000708800000, 0x0000000708800000, 0x0000000708a00000|  0%| F|  |TAMS 0x0000000708800000, 0x0000000708800000| Untracked 
|  37|0x0000000708a00000, 0x0000000708a00000, 0x0000000708c00000|  0%| F|  |TAMS 0x0000000708a00000, 0x0000000708a00000| Untracked 
|  38|0x0000000708c00000, 0x0000000708c00000, 0x0000000708e00000|  0%| F|  |TAMS 0x0000000708c00000, 0x0000000708c00000| Untracked 
|  39|0x0000000708e00000, 0x0000000708e00000, 0x0000000709000000|  0%| F|  |TAMS 0x0000000708e00000, 0x0000000708e00000| Untracked 
|  40|0x0000000709000000, 0x0000000709000000, 0x0000000709200000|  0%| F|  |TAMS 0x0000000709000000, 0x0000000709000000| Untracked 
|  41|0x0000000709200000, 0x0000000709200000, 0x0000000709400000|  0%| F|  |TAMS 0x0000000709200000, 0x0000000709200000| Untracked 
|  42|0x0000000709400000, 0x0000000709400000, 0x0000000709600000|  0%| F|  |TAMS 0x0000000709400000, 0x0000000709400000| Untracked 
|  43|0x0000000709600000, 0x0000000709600000, 0x0000000709800000|  0%| F|  |TAMS 0x0000000709600000, 0x0000000709600000| Untracked 
|  44|0x0000000709800000, 0x0000000709800000, 0x0000000709a00000|  0%| F|  |TAMS 0x0000000709800000, 0x0000000709800000| Untracked 
|  45|0x0000000709a00000, 0x0000000709a00000, 0x0000000709c00000|  0%| F|  |TAMS 0x0000000709a00000, 0x0000000709a00000| Untracked 
|  46|0x0000000709c00000, 0x0000000709c00000, 0x0000000709e00000|  0%| F|  |TAMS 0x0000000709c00000, 0x0000000709c00000| Untracked 
|  47|0x0000000709e00000, 0x0000000709e00000, 0x000000070a000000|  0%| F|  |TAMS 0x0000000709e00000, 0x0000000709e00000| Untracked 
|  48|0x000000070a000000, 0x000000070a000000, 0x000000070a200000|  0%| F|  |TAMS 0x000000070a000000, 0x000000070a000000| Untracked 
|  49|0x000000070a200000, 0x000000070a200000, 0x000000070a400000|  0%| F|  |TAMS 0x000000070a200000, 0x000000070a200000| Untracked 
|  50|0x000000070a400000, 0x000000070a400000, 0x000000070a600000|  0%| F|  |TAMS 0x000000070a400000, 0x000000070a400000| Untracked 
|  51|0x000000070a600000, 0x000000070a600000, 0x000000070a800000|  0%| F|  |TAMS 0x000000070a600000, 0x000000070a600000| Untracked 
|  52|0x000000070a800000, 0x000000070a800000, 0x000000070aa00000|  0%| F|  |TAMS 0x000000070a800000, 0x000000070a800000| Untracked 
|  53|0x000000070aa00000, 0x000000070aa00000, 0x000000070ac00000|  0%| F|  |TAMS 0x000000070aa00000, 0x000000070aa00000| Untracked 
|  54|0x000000070ac00000, 0x000000070ac00000, 0x000000070ae00000|  0%| F|  |TAMS 0x000000070ac00000, 0x000000070ac00000| Untracked 
|  55|0x000000070ae00000, 0x000000070ae00000, 0x000000070b000000|  0%| F|  |TAMS 0x000000070ae00000, 0x000000070ae00000| Untracked 
|  56|0x000000070b000000, 0x000000070b000000, 0x000000070b200000|  0%| F|  |TAMS 0x000000070b000000, 0x000000070b000000| Untracked 
|  57|0x000000070b200000, 0x000000070b200000, 0x000000070b400000|  0%| F|  |TAMS 0x000000070b200000, 0x000000070b200000| Untracked 
|  58|0x000000070b400000, 0x000000070b400000, 0x000000070b600000|  0%| F|  |TAMS 0x000000070b400000, 0x000000070b400000| Untracked 
|  59|0x000000070b600000, 0x000000070b600000, 0x000000070b800000|  0%| F|  |TAMS 0x000000070b600000, 0x000000070b600000| Untracked 
|  60|0x000000070b800000, 0x000000070b800000, 0x000000070ba00000|  0%| F|  |TAMS 0x000000070b800000, 0x000000070b800000| Untracked 
|  61|0x000000070ba00000, 0x000000070ba00000, 0x000000070bc00000|  0%| F|  |TAMS 0x000000070ba00000, 0x000000070ba00000| Untracked 
|  62|0x000000070bc00000, 0x000000070bc00000, 0x000000070be00000|  0%| F|  |TAMS 0x000000070bc00000, 0x000000070bc00000| Untracked 
|  63|0x000000070be00000, 0x000000070be00000, 0x000000070c000000|  0%| F|  |TAMS 0x000000070be00000, 0x000000070be00000| Untracked 
|  64|0x000000070c000000, 0x000000070c000000, 0x000000070c200000|  0%| F|  |TAMS 0x000000070c000000, 0x000000070c000000| Untracked 
|  65|0x000000070c200000, 0x000000070c200000, 0x000000070c400000|  0%| F|  |TAMS 0x000000070c200000, 0x000000070c200000| Untracked 
|  66|0x000000070c400000, 0x000000070c400000, 0x000000070c600000|  0%| F|  |TAMS 0x000000070c400000, 0x000000070c400000| Untracked 
|  67|0x000000070c600000, 0x000000070c600000, 0x000000070c800000|  0%| F|  |TAMS 0x000000070c600000, 0x000000070c600000| Untracked 
|  68|0x000000070c800000, 0x000000070c800000, 0x000000070ca00000|  0%| F|  |TAMS 0x000000070c800000, 0x000000070c800000| Untracked 
|  69|0x000000070ca00000, 0x000000070ca00000, 0x000000070cc00000|  0%| F|  |TAMS 0x000000070ca00000, 0x000000070ca00000| Untracked 
|  70|0x000000070cc00000, 0x000000070cc00000, 0x000000070ce00000|  0%| F|  |TAMS 0x000000070cc00000, 0x000000070cc00000| Untracked 
|  71|0x000000070ce00000, 0x000000070ce00000, 0x000000070d000000|  0%| F|  |TAMS 0x000000070ce00000, 0x000000070ce00000| Untracked 
|  72|0x000000070d000000, 0x000000070d000000, 0x000000070d200000|  0%| F|  |TAMS 0x000000070d000000, 0x000000070d000000| Untracked 
|  73|0x000000070d200000, 0x000000070d200000, 0x000000070d400000|  0%| F|  |TAMS 0x000000070d200000, 0x000000070d200000| Untracked 
|  74|0x000000070d400000, 0x000000070d400000, 0x000000070d600000|  0%| F|  |TAMS 0x000000070d400000, 0x000000070d400000| Untracked 
|  75|0x000000070d600000, 0x000000070d600000, 0x000000070d800000|  0%| F|  |TAMS 0x000000070d600000, 0x000000070d600000| Untracked 
|  76|0x000000070d800000, 0x000000070d800000, 0x000000070da00000|  0%| F|  |TAMS 0x000000070d800000, 0x000000070d800000| Untracked 
|  77|0x000000070da00000, 0x000000070da00000, 0x000000070dc00000|  0%| F|  |TAMS 0x000000070da00000, 0x000000070da00000| Untracked 
|  78|0x000000070dc00000, 0x000000070dc00000, 0x000000070de00000|  0%| F|  |TAMS 0x000000070dc00000, 0x000000070dc00000| Untracked 
|  79|0x000000070de00000, 0x000000070de00000, 0x000000070e000000|  0%| F|  |TAMS 0x000000070de00000, 0x000000070de00000| Untracked 
|  80|0x000000070e000000, 0x000000070e000000, 0x000000070e200000|  0%| F|  |TAMS 0x000000070e000000, 0x000000070e000000| Untracked 
|  81|0x000000070e200000, 0x000000070e200000, 0x000000070e400000|  0%| F|  |TAMS 0x000000070e200000, 0x000000070e200000| Untracked 
|  82|0x000000070e400000, 0x000000070e400000, 0x000000070e600000|  0%| F|  |TAMS 0x000000070e400000, 0x000000070e400000| Untracked 
|  83|0x000000070e600000, 0x000000070e600000, 0x000000070e800000|  0%| F|  |TAMS 0x000000070e600000, 0x000000070e600000| Untracked 
|  84|0x000000070e800000, 0x000000070e800000, 0x000000070ea00000|  0%| F|  |TAMS 0x000000070e800000, 0x000000070e800000| Untracked 
|  85|0x000000070ea00000, 0x000000070ea00000, 0x000000070ec00000|  0%| F|  |TAMS 0x000000070ea00000, 0x000000070ea00000| Untracked 
|  86|0x000000070ec00000, 0x000000070ec00000, 0x000000070ee00000|  0%| F|  |TAMS 0x000000070ec00000, 0x000000070ec00000| Untracked 
|  87|0x000000070ee00000, 0x000000070ee00000, 0x000000070f000000|  0%| F|  |TAMS 0x000000070ee00000, 0x000000070ee00000| Untracked 
|  88|0x000000070f000000, 0x000000070f000000, 0x000000070f200000|  0%| F|  |TAMS 0x000000070f000000, 0x000000070f000000| Untracked 
|  89|0x000000070f200000, 0x000000070f200000, 0x000000070f400000|  0%| F|  |TAMS 0x000000070f200000, 0x000000070f200000| Untracked 
|  90|0x000000070f400000, 0x000000070f400000, 0x000000070f600000|  0%| F|  |TAMS 0x000000070f400000, 0x000000070f400000| Untracked 
|  91|0x000000070f600000, 0x000000070f600000, 0x000000070f800000|  0%| F|  |TAMS 0x000000070f600000, 0x000000070f600000| Untracked 
|  92|0x000000070f800000, 0x000000070f800000, 0x000000070fa00000|  0%| F|  |TAMS 0x000000070f800000, 0x000000070f800000| Untracked 
|  93|0x000000070fa00000, 0x000000070fa00000, 0x000000070fc00000|  0%| F|  |TAMS 0x000000070fa00000, 0x000000070fa00000| Untracked 
|  94|0x000000070fc00000, 0x000000070fc00000, 0x000000070fe00000|  0%| F|  |TAMS 0x000000070fc00000, 0x000000070fc00000| Untracked 
|  95|0x000000070fe00000, 0x000000070fe00000, 0x0000000710000000|  0%| F|  |TAMS 0x000000070fe00000, 0x000000070fe00000| Untracked 
|  96|0x0000000710000000, 0x0000000710000000, 0x0000000710200000|  0%| F|  |TAMS 0x0000000710000000, 0x0000000710000000| Untracked 
|  97|0x0000000710200000, 0x0000000710200000, 0x0000000710400000|  0%| F|  |TAMS 0x0000000710200000, 0x0000000710200000| Untracked 
|  98|0x0000000710400000, 0x0000000710400000, 0x0000000710600000|  0%| F|  |TAMS 0x0000000710400000, 0x0000000710400000| Untracked 
|  99|0x0000000710600000, 0x0000000710600000, 0x0000000710800000|  0%| F|  |TAMS 0x0000000710600000, 0x0000000710600000| Untracked 
| 100|0x0000000710800000, 0x0000000710800000, 0x0000000710a00000|  0%| F|  |TAMS 0x0000000710800000, 0x0000000710800000| Untracked 
| 101|0x0000000710a00000, 0x0000000710a00000, 0x0000000710c00000|  0%| F|  |TAMS 0x0000000710a00000, 0x0000000710a00000| Untracked 
| 102|0x0000000710c00000, 0x0000000710c00000, 0x0000000710e00000|  0%| F|  |TAMS 0x0000000710c00000, 0x0000000710c00000| Untracked 
| 103|0x0000000710e00000, 0x0000000710e00000, 0x0000000711000000|  0%| F|  |TAMS 0x0000000710e00000, 0x0000000710e00000| Untracked 
| 104|0x0000000711000000, 0x0000000711000000, 0x0000000711200000|  0%| F|  |TAMS 0x0000000711000000, 0x0000000711000000| Untracked 
| 105|0x0000000711200000, 0x0000000711200000, 0x0000000711400000|  0%| F|  |TAMS 0x0000000711200000, 0x0000000711200000| Untracked 
| 106|0x0000000711400000, 0x0000000711400000, 0x0000000711600000|  0%| F|  |TAMS 0x0000000711400000, 0x0000000711400000| Untracked 
| 107|0x0000000711600000, 0x0000000711600000, 0x0000000711800000|  0%| F|  |TAMS 0x0000000711600000, 0x0000000711600000| Untracked 
| 108|0x0000000711800000, 0x0000000711800000, 0x0000000711a00000|  0%| F|  |TAMS 0x0000000711800000, 0x0000000711800000| Untracked 
| 109|0x0000000711a00000, 0x0000000711a00000, 0x0000000711c00000|  0%| F|  |TAMS 0x0000000711a00000, 0x0000000711a00000| Untracked 
| 110|0x0000000711c00000, 0x0000000711c00000, 0x0000000711e00000|  0%| F|  |TAMS 0x0000000711c00000, 0x0000000711c00000| Untracked 
| 111|0x0000000711e00000, 0x0000000711e00000, 0x0000000712000000|  0%| F|  |TAMS 0x0000000711e00000, 0x0000000711e00000| Untracked 
| 112|0x0000000712000000, 0x0000000712000000, 0x0000000712200000|  0%| F|  |TAMS 0x0000000712000000, 0x0000000712000000| Untracked 
| 113|0x0000000712200000, 0x0000000712400000, 0x0000000712400000|100%| S|CS|TAMS 0x0000000712200000, 0x0000000712200000| Complete 
| 114|0x0000000712400000, 0x0000000712600000, 0x0000000712600000|100%| S|CS|TAMS 0x0000000712400000, 0x0000000712400000| Complete 
| 115|0x0000000712600000, 0x0000000712600000, 0x0000000712800000|  0%| F|  |TAMS 0x0000000712600000, 0x0000000712600000| Untracked 
| 116|0x0000000712800000, 0x0000000712800000, 0x0000000712a00000|  0%| F|  |TAMS 0x0000000712800000, 0x0000000712800000| Untracked 
| 117|0x0000000712a00000, 0x0000000712a00000, 0x0000000712c00000|  0%| F|  |TAMS 0x0000000712a00000, 0x0000000712a00000| Untracked 
| 118|0x0000000712c00000, 0x0000000712c00000, 0x0000000712e00000|  0%| F|  |TAMS 0x0000000712c00000, 0x0000000712c00000| Untracked 
| 119|0x0000000712e00000, 0x0000000712e00000, 0x0000000713000000|  0%| F|  |TAMS 0x0000000712e00000, 0x0000000712e00000| Untracked 
| 120|0x0000000713000000, 0x0000000713000000, 0x0000000713200000|  0%| F|  |TAMS 0x0000000713000000, 0x0000000713000000| Untracked 
| 121|0x0000000713200000, 0x0000000713200000, 0x0000000713400000|  0%| F|  |TAMS 0x0000000713200000, 0x0000000713200000| Untracked 
| 122|0x0000000713400000, 0x0000000713400000, 0x0000000713600000|  0%| F|  |TAMS 0x0000000713400000, 0x0000000713400000| Untracked 
| 123|0x0000000713600000, 0x0000000713728a68, 0x0000000713800000| 57%| E|  |TAMS 0x0000000713600000, 0x0000000713600000| Complete 
| 124|0x0000000713800000, 0x0000000713a00000, 0x0000000713a00000|100%| E|CS|TAMS 0x0000000713800000, 0x0000000713800000| Complete 
| 125|0x0000000713a00000, 0x0000000713c00000, 0x0000000713c00000|100%| E|CS|TAMS 0x0000000713a00000, 0x0000000713a00000| Complete 

Card table byte_map: [0x0000017ed4660000,0x0000017ed4e40000] _byte_map_base: 0x0000017ed0e40000

Marking Bits (Prev, Next): (CMBitMap*) 0x0000017ebce00030, (CMBitMap*) 0x0000017ebce00070
 Prev Bits: [0x0000017ed5620000, 0x0000017ed9520000)
 Next Bits: [0x0000017ed9520000, 0x0000017edd420000)

Polling page: 0x0000017ebc580000

Metaspace:

Usage:
  Non-class:     11.12 MB used.
      Class:      1.43 MB used.
       Both:     12.55 MB used.

Virtual space:
  Non-class space:       16.00 MB reserved,      11.25 MB ( 70%) committed,  2 nodes.
      Class space:        1.00 GB reserved,       1.50 MB ( <1%) committed,  1 nodes.
             Both:        1.02 GB reserved,      12.75 MB (  1%) committed. 

Chunk freelists:
   Non-Class:  656.00 KB
       Class:  2.45 MB
        Both:  3.09 MB

MaxMetaspaceSize: unlimited
CompressedClassSpaceSize: 1.00 GB
Initial GC threshold: 21.00 MB
Current GC threshold: 21.00 MB
CDS: on
MetaspaceReclaimPolicy: balanced
 - commit_granule_bytes: 65536.
 - commit_granule_words: 8192.
 - virtual_space_node_default_size: 1048576.
 - enlarge_chunks_in_place: 1.
 - new_chunks_are_fully_committed: 0.
 - uncommit_free_chunks: 1.
 - use_allocation_guard: 0.
 - handle_deallocations: 1.


Internal statistics:

num_allocs_failed_limit: 0.
num_arena_births: 168.
num_arena_deaths: 0.
num_vsnodes_births: 3.
num_vsnodes_deaths: 0.
num_space_committed: 204.
num_space_uncommitted: 0.
num_chunks_returned_to_freelist: 0.
num_chunks_taken_from_freelist: 318.
num_chunk_merges: 0.
num_chunk_splits: 224.
num_chunks_enlarged: 160.
num_purges: 0.
num_inconsistent_stats: 0.

CodeHeap 'non-profiled nmethods': size=119168Kb used=353Kb max_used=353Kb free=118814Kb
 bounds [0x0000017ecc1a0000, 0x0000017ecc410000, 0x0000017ed3600000]
CodeHeap 'profiled nmethods': size=119104Kb used=2315Kb max_used=2315Kb free=116788Kb
 bounds [0x0000017ec4d50000, 0x0000017ec4fc0000, 0x0000017ecc1a0000]
CodeHeap 'non-nmethods': size=7488Kb used=1881Kb max_used=3022Kb free=5606Kb
 bounds [0x0000017ec4600000, 0x0000017ec4900000, 0x0000017ec4d50000]
 total_blobs=1998 nmethods=1356 adapters=554
 compilation: enabled
              stopped_count=0, restarted_count=0
 full_count=0

Compilation events (20 events):
Event: 1.776 Thread 0x0000017ee10fc4e0 1311       3       java.util.ArrayDeque::pollFirst (36 bytes)
Event: 1.776 Thread 0x0000017ee10fc4e0 nmethod 1311 0x0000017ec4f6d210 code [0x0000017ec4f6d3c0, 0x0000017ec4f6d7d8]
Event: 1.777 Thread 0x0000017ee10fc4e0 1312   !   3       jdk.internal.ref.PhantomCleanable::remove (60 bytes)
Event: 1.777 Thread 0x0000017ee04b2380 1313       3       java.util.Collections$SetFromMap::add (22 bytes)
Event: 1.777 Thread 0x0000017ee10fc4e0 nmethod 1312 0x0000017ec4f6d990 code [0x0000017ec4f6db40, 0x0000017ec4f6df78]
Event: 1.777 Thread 0x0000017ee04b2380 nmethod 1313 0x0000017ec4f6e110 code [0x0000017ec4f6e2c0, 0x0000017ec4f6e508]
Event: 1.778 Thread 0x0000017ee04b2380 1314   !   3       java.util.zip.ZipFile$Source::readFullyAt (74 bytes)
Event: 1.778 Thread 0x0000017ee04b2380 nmethod 1314 0x0000017ec4f6e610 code [0x0000017ec4f6e800, 0x0000017ec4f6edc8]
Event: 1.779 Thread 0x0000017ee04b2380 1315       1       java.awt.EventDispatchThread$1::evaluate (2 bytes)
Event: 1.779 Thread 0x0000017ee10fc4e0 1316  s    1       java.awt.EventDispatchThread::getEventQueue (5 bytes)
Event: 1.779 Thread 0x0000017ee04b2380 nmethod 1315 0x0000017ecc1f7710 code [0x0000017ecc1f78a0, 0x0000017ecc1f7978]
Event: 1.779 Thread 0x0000017ee10fc4e0 nmethod 1316 0x0000017ecc1f7a10 code [0x0000017ecc1f7ba0, 0x0000017ecc1f7d18]
Event: 1.779 Thread 0x0000017ee10fc4e0 1317       3       java.awt.geom.AffineTransform::getScaleInstance (19 bytes)
Event: 1.779 Thread 0x0000017ee04b2380 1318       3       java.awt.geom.AffineTransform::setToScale (66 bytes)
Event: 1.779 Thread 0x0000017ee10fc4e0 nmethod 1317 0x0000017ec4f6f190 code [0x0000017ec4f6f340, 0x0000017ec4f6f538]
Event: 1.779 Thread 0x0000017ee04b2380 nmethod 1318 0x0000017ec4f6f610 code [0x0000017ec4f6f7e0, 0x0000017ec4f6fa58]
Event: 1.779 Thread 0x0000017ee10fc4e0 1319       3       java.awt.Component::getForeground (29 bytes)
Event: 1.779 Thread 0x0000017ee10fc4e0 nmethod 1319 0x0000017ec4f6fb10 code [0x0000017ec4f6fce0, 0x0000017ec4f70108]
Event: 1.779 Thread 0x0000017ee10fc4e0 1321   !   3       java.util.zip.ZipFile$Source::getEntryPos (173 bytes)
Event: 1.779 Thread 0x0000017ee04b2380 1320  s!   3       jdk.internal.loader.URLClassPath::getLoader (194 bytes)

GC Heap History (0 events):
No events

Deoptimization events (20 events):
Event: 0.296 Thread 0x0000017ebcdad530 Uncommon trap: trap_request=0xffffffde fr.pc=0x0000017ecc1b75ac relative=0x00000000000001ac
Event: 0.296 Thread 0x0000017ebcdad530 Uncommon trap: reason=class_check action=maybe_recompile pc=0x0000017ecc1b75ac method=java.lang.String.equals(Ljava/lang/Object;)Z @ 8 c2
Event: 0.296 Thread 0x0000017ebcdad530 DEOPT PACKING pc=0x0000017ecc1b75ac sp=0x00000009b64fe6e0
Event: 0.296 Thread 0x0000017ebcdad530 DEOPT UNPACKING pc=0x0000017ec4655c23 sp=0x00000009b64fe688 mode 2
Event: 0.296 Thread 0x0000017ebcdad530 Uncommon trap: trap_request=0xffffffde fr.pc=0x0000017ecc1b75ac relative=0x00000000000001ac
Event: 0.296 Thread 0x0000017ebcdad530 Uncommon trap: reason=class_check action=maybe_recompile pc=0x0000017ecc1b75ac method=java.lang.String.equals(Ljava/lang/Object;)Z @ 8 c2
Event: 0.296 Thread 0x0000017ebcdad530 DEOPT PACKING pc=0x0000017ecc1b75ac sp=0x00000009b64fe680
Event: 0.296 Thread 0x0000017ebcdad530 DEOPT UNPACKING pc=0x0000017ec4655c23 sp=0x00000009b64fe628 mode 2
Event: 0.408 Thread 0x0000017ee18644e0 DEOPT PACKING pc=0x0000017ec4f204f8 sp=0x00000009b84ff450
Event: 0.408 Thread 0x0000017ee18644e0 DEOPT UNPACKING pc=0x0000017ec4656763 sp=0x00000009b84fea00 mode 0
Event: 0.540 Thread 0x0000017ee18644e0 Uncommon trap: trap_request=0xffffff45 fr.pc=0x0000017ecc1ea46c relative=0x000000000000032c
Event: 0.540 Thread 0x0000017ee18644e0 Uncommon trap: reason=unstable_if action=reinterpret pc=0x0000017ecc1ea46c method=java.util.concurrent.locks.ReentrantLock$NonfairSync.initialTryLock()Z @ 10 c2
Event: 0.540 Thread 0x0000017ee18644e0 DEOPT PACKING pc=0x0000017ecc1ea46c sp=0x00000009b84ff550
Event: 0.540 Thread 0x0000017ee18644e0 DEOPT UNPACKING pc=0x0000017ec4655c23 sp=0x00000009b84ff308 mode 2
Event: 0.557 Thread 0x0000017ee18644e0 DEOPT PACKING pc=0x0000017ec4f2d120 sp=0x00000009b84ff450
Event: 0.557 Thread 0x0000017ee18644e0 DEOPT UNPACKING pc=0x0000017ec4656763 sp=0x00000009b84fea00 mode 0
Event: 1.163 Thread 0x0000017ee13e05d0 Uncommon trap: trap_request=0xffffff45 fr.pc=0x0000017ecc1e9044 relative=0x0000000000000144
Event: 1.163 Thread 0x0000017ee13e05d0 Uncommon trap: reason=unstable_if action=reinterpret pc=0x0000017ecc1e9044 method=java.util.concurrent.locks.ReentrantLock$NonfairSync.initialTryLock()Z @ 10 c2
Event: 1.163 Thread 0x0000017ee13e05d0 DEOPT PACKING pc=0x0000017ecc1e9044 sp=0x00000009b7cfde40
Event: 1.163 Thread 0x0000017ee13e05d0 DEOPT UNPACKING pc=0x0000017ec4655c23 sp=0x00000009b7cfdde8 mode 2

Classes unloaded (0 events):
No events

Classes redefined (0 events):
No events

Internal exceptions (14 events):
Event: 0.075 Thread 0x0000017ebcdad530 Exception <a 'java/lang/ClassNotFoundException'{0x00000007138738f0}: sun/awt/resources/spi/awtProvider> (0x00000007138738f0) 
thrown [t:\workspace\open\src\hotspot\share\classfile\systemDictionary.cpp, line 256]
Event: 0.092 Thread 0x0000017ebcdad530 Exception <a 'java/io/FileNotFoundException'{0x000000071393e460}> (0x000000071393e460) 
thrown [t:\workspace\open\src\hotspot\share\prims\jni.cpp, line 516]
Event: 0.096 Thread 0x0000017ebcdad530 Exception <a 'java/io/FileNotFoundException'{0x000000071396b700}> (0x000000071396b700) 
thrown [t:\workspace\open\src\hotspot\share\prims\jni.cpp, line 516]
Event: 0.148 Thread 0x0000017ebcdad530 Exception <a 'java/lang/NoSuchMethodError'{0x00000007137ecf90}: 'java.lang.Object java.lang.invoke.DirectMethodHandle$Holder.invokeStaticInit(java.lang.Object)'> (0x00000007137ecf90) 
thrown [t:\workspace\open\src\hotspot\share\interpreter\linkResolver.cpp, line 766]
Event: 0.169 Thread 0x0000017ebcdad530 Exception <a 'java/lang/NoSuchMethodError'{0x00000007134a84f0}: 'void java.lang.invoke.DirectMethodHandle$Holder.invokeSpecial(java.lang.Object, java.lang.Object, java.lang.Object)'> (0x00000007134a84f0) 
thrown [t:\workspace\open\src\hotspot\share\interpreter\linkResolver.cpp, line 766]
Event: 0.174 Thread 0x0000017ebcdad530 Exception <a 'java/lang/NoSuchMethodError'{0x00000007134d2568}: 'java.lang.Object java.lang.invoke.DirectMethodHandle$Holder.newInvokeSpecial(java.lang.Object, java.lang.Object, java.lang.Object, java.lang.Object, java.lang.Object)'> (0x00000007134d2568) 
thrown [t:\workspace\open\src\hotspot\share\interpreter\linkResolver.cpp, line 766]
Event: 0.175 Thread 0x0000017ebcdad530 Exception <a 'java/lang/NoSuchMethodError'{0x00000007134ddf30}: 'java.lang.Object java.lang.invoke.DirectMethodHandle$Holder.invokeStatic(java.lang.Object, int, java.lang.Object, java.lang.Object, java.lang.Object, java.lang.Object)'> (0x00000007134ddf30) 
thrown [t:\workspace\open\src\hotspot\share\interpreter\linkResolver.cpp, line 766]
Event: 0.178 Thread 0x0000017ebcdad530 Exception <a 'java/lang/NoSuchMethodError'{0x0000000713503940}: 'java.lang.Object java.lang.invoke.DirectMethodHandle$Holder.invokeStatic(java.lang.Object, int, java.lang.Object)'> (0x0000000713503940) 
thrown [t:\workspace\open\src\hotspot\share\interpreter\linkResolver.cpp, line 766]
Event: 0.196 Thread 0x0000017ebcdad530 Exception <a 'java/lang/ClassNotFoundException'{0x00000007135bfba0}: com/sun/swing/internal/plaf/metal/resources/spi/metalProvider> (0x00000007135bfba0) 
thrown [t:\workspace\open\src\hotspot\share\classfile\systemDictionary.cpp, line 256]
Event: 0.197 Thread 0x0000017ebcdad530 Exception <a 'java/lang/ClassNotFoundException'{0x00000007135c59a8}: com/sun/swing/internal/plaf/basic/resources/spi/basicProvider> (0x00000007135c59a8) 
thrown [t:\workspace\open\src\hotspot\share\classfile\systemDictionary.cpp, line 256]
Event: 0.213 Thread 0x0000017ebcdad530 Exception <a 'java/lang/NoSuchMethodError'{0x00000007132228f8}: 'void java.lang.invoke.DirectMethodHandle$Holder.invokeStatic(java.lang.Object, java.lang.Object, java.lang.Object)'> (0x00000007132228f8) 
thrown [t:\workspace\open\src\hotspot\share\interpreter\linkResolver.cpp, line 766]
Event: 0.214 Thread 0x0000017ebcdad530 Exception <a 'java/lang/NoSuchMethodError'{0x0000000713228d90}: 'void java.lang.invoke.DirectMethodHandle$Holder.invokeStatic(java.lang.Object, java.lang.Object)'> (0x0000000713228d90) 
thrown [t:\workspace\open\src\hotspot\share\interpreter\linkResolver.cpp, line 766]
Event: 0.261 Thread 0x0000017ee13e05d0 Exception <a 'java/lang/NoSuchMethodError'{0x000000071340f778}: 'void java.lang.invoke.DirectMethodHandle$Holder.invokeVirtual(java.lang.Object, java.lang.Object)'> (0x000000071340f778) 
thrown [t:\workspace\open\src\hotspot\share\interpreter\linkResolver.cpp, line 766]
Event: 0.271 Thread 0x0000017ebcdad530 Exception <a 'java/lang/NoSuchMethodError'{0x0000000713313110}: 'void java.lang.invoke.DirectMethodHandle$Holder.invokeStaticInit(java.lang.Object)'> (0x0000000713313110) 
thrown [t:\workspace\open\src\hotspot\share\interpreter\linkResolver.cpp, line 766]

VM Operations (20 events):
Event: 0.053 Executing VM operation: HandshakeAllThreads
Event: 0.053 Executing VM operation: HandshakeAllThreads done
Event: 0.206 Executing VM operation: HandshakeAllThreads
Event: 0.206 Executing VM operation: HandshakeAllThreads done
Event: 0.230 Executing VM operation: HandshakeAllThreads
Event: 0.230 Executing VM operation: HandshakeAllThreads done
Event: 0.286 Executing VM operation: HandshakeAllThreads
Event: 0.286 Executing VM operation: HandshakeAllThreads done
Event: 0.375 Executing VM operation: HandshakeAllThreads
Event: 0.375 Executing VM operation: HandshakeAllThreads done
Event: 0.378 Executing VM operation: HandshakeAllThreads
Event: 0.378 Executing VM operation: HandshakeAllThreads done
Event: 0.389 Executing VM operation: HandshakeAllThreads
Event: 0.389 Executing VM operation: HandshakeAllThreads done
Event: 0.477 Executing VM operation: HandshakeAllThreads
Event: 0.477 Executing VM operation: HandshakeAllThreads done
Event: 0.544 Executing VM operation: HandshakeAllThreads
Event: 0.544 Executing VM operation: HandshakeAllThreads done
Event: 1.065 Executing VM operation: ICBufferFull
Event: 1.066 Executing VM operation: ICBufferFull done

Events (20 events):
Event: 1.704 Thread 0x0000017ee1864e80 Thread added: 0x0000017ee1864e80
Event: 1.711 Thread 0x0000017ee1863670 Thread added: 0x0000017ee1863670
Event: 1.718 Thread 0x0000017ee1862800 Thread added: 0x0000017ee1862800
Event: 1.727 Thread 0x0000017ee1863b40 Thread added: 0x0000017ee1863b40
Event: 1.728 loading class java/lang/SecurityException
Event: 1.728 loading class java/lang/SecurityException done
Event: 1.734 Thread 0x0000017ee18649b0 Thread added: 0x0000017ee18649b0
Event: 1.736 loading class java/beans/Transient
Event: 1.736 loading class java/beans/Transient done
Event: 1.736 loading class java/beans/ConstructorProperties
Event: 1.736 loading class java/beans/ConstructorProperties done
Event: 1.741 loading class java/text/ParseException
Event: 1.741 loading class java/text/ParseException done
Event: 1.745 loading class sun/text/resources/cldr/FormatData_en_US
Event: 1.745 loading class sun/text/resources/cldr/FormatData_en_US done
Event: 1.750 loading class java/io/CharArrayReader
Event: 1.750 loading class java/io/CharArrayReader done
Event: 1.756 loading class java/util/concurrent/atomic/AtomicReference
Event: 1.756 loading class java/util/concurrent/atomic/AtomicReference done
Event: 1.763 Thread 0x0000017ee1865350 Thread added: 0x0000017ee1865350


Dynamic libraries:
0x00007ff7fb4c0000 - 0x00007ff7fb4d0000 	E:\programming_tools\JavaJDK\bin\java.exe
0x00007ffc4cab0000 - 0x00007ffc4ccc4000 	C:\WINDOWS\SYSTEM32\ntdll.dll
0x00007ffc4ac60000 - 0x00007ffc4ad22000 	C:\WINDOWS\System32\KERNEL32.DLL
0x00007ffc4a190000 - 0x00007ffc4a52c000 	C:\WINDOWS\System32\KERNELBASE.dll
0x00007ffc49fb0000 - 0x00007ffc4a0c1000 	C:\WINDOWS\System32\ucrtbase.dll
0x00007ffc34c60000 - 0x00007ffc34c7a000 	E:\programming_tools\JavaJDK\bin\VCRUNTIME140.dll
0x00007ffc34c80000 - 0x00007ffc34c98000 	E:\programming_tools\JavaJDK\bin\jli.dll
0x00007ffc4ae00000 - 0x00007ffc4aeae000 	C:\WINDOWS\System32\ADVAPI32.dll
0x00007ffc4c850000 - 0x00007ffc4c8f7000 	C:\WINDOWS\System32\msvcrt.dll
0x00007ffc4abb0000 - 0x00007ffc4ac54000 	C:\WINDOWS\System32\sechost.dll
0x00007ffc4c720000 - 0x00007ffc4c835000 	C:\WINDOWS\System32\RPCRT4.dll
0x00007ffc4c570000 - 0x00007ffc4c71a000 	C:\WINDOWS\System32\USER32.dll
0x00007ffc2b8d0000 - 0x00007ffc2bb5e000 	C:\WINDOWS\WinSxS\amd64_microsoft.windows.common-controls_6595b64144ccf1df_6.0.22621.608_none_a9444ca7c10bb01d\COMCTL32.dll
0x00007ffc49f80000 - 0x00007ffc49fa6000 	C:\WINDOWS\System32\win32u.dll
0x00007ffc4ab80000 - 0x00007ffc4aba9000 	C:\WINDOWS\System32\GDI32.dll
0x00007ffc4a5b0000 - 0x00007ffc4a6c2000 	C:\WINDOWS\System32\gdi32full.dll
0x00007ffc49ee0000 - 0x00007ffc49f7a000 	C:\WINDOWS\System32\msvcp_win.dll
0x00007ffc400b0000 - 0x00007ffc400ba000 	C:\WINDOWS\SYSTEM32\VERSION.dll
0x00007ffc4ab40000 - 0x00007ffc4ab71000 	C:\WINDOWS\System32\IMM32.DLL
0x00007ffc3f080000 - 0x00007ffc3f08c000 	E:\programming_tools\JavaJDK\bin\vcruntime140_1.dll
0x00007ffc34940000 - 0x00007ffc349cd000 	E:\programming_tools\JavaJDK\bin\msvcp140.dll
0x00007ffc12bd0000 - 0x00007ffc13791000 	E:\programming_tools\JavaJDK\bin\server\jvm.dll
0x00007ffc4c840000 - 0x00007ffc4c848000 	C:\WINDOWS\System32\PSAPI.DLL
0x00007ffc38830000 - 0x00007ffc38839000 	C:\WINDOWS\SYSTEM32\WSOCK32.dll
0x00007ffc3f040000 - 0x00007ffc3f074000 	C:\WINDOWS\SYSTEM32\WINMM.dll
0x00007ffc4c090000 - 0x00007ffc4c101000 	C:\WINDOWS\System32\WS2_32.dll
0x00007ffc49050000 - 0x00007ffc49068000 	C:\WINDOWS\SYSTEM32\kernel.appcore.dll
0x00007ffc3b670000 - 0x00007ffc3b67a000 	E:\programming_tools\JavaJDK\bin\jimage.dll
0x00007ffc473b0000 - 0x00007ffc475de000 	C:\WINDOWS\SYSTEM32\DBGHELP.DLL
0x00007ffc4c110000 - 0x00007ffc4c499000 	C:\WINDOWS\System32\combase.dll
0x00007ffc4c990000 - 0x00007ffc4ca67000 	C:\WINDOWS\System32\OLEAUT32.dll
0x00007ffc3b930000 - 0x00007ffc3b962000 	C:\WINDOWS\SYSTEM32\dbgcore.DLL
0x00007ffc4a530000 - 0x00007ffc4a5ab000 	C:\WINDOWS\System32\bcryptPrimitives.dll
0x00007ffc34910000 - 0x00007ffc34935000 	E:\programming_tools\JavaJDK\bin\java.dll
0x00007ffc2b740000 - 0x00007ffc2b816000 	E:\programming_tools\JavaJDK\bin\jsvml.dll
0x00007ffc4b8b0000 - 0x00007ffc4c08d000 	C:\WINDOWS\System32\SHELL32.dll
0x00007ffc47f10000 - 0x00007ffc487c7000 	C:\WINDOWS\SYSTEM32\windows.storage.dll
0x00007ffc47dd0000 - 0x00007ffc47f0d000 	C:\WINDOWS\SYSTEM32\wintypes.dll
0x00007ffc4aa20000 - 0x00007ffc4ab11000 	C:\WINDOWS\System32\SHCORE.dll
0x00007ffc4ada0000 - 0x00007ffc4adfe000 	C:\WINDOWS\System32\shlwapi.dll
0x00007ffc49e10000 - 0x00007ffc49e31000 	C:\WINDOWS\SYSTEM32\profapi.dll
0x00007ffc34c40000 - 0x00007ffc34c59000 	E:\programming_tools\JavaJDK\bin\net.dll
0x00007ffc40f50000 - 0x00007ffc4107f000 	C:\WINDOWS\SYSTEM32\WINHTTP.dll
0x00007ffc494b0000 - 0x00007ffc49519000 	C:\WINDOWS\system32\mswsock.dll
0x00007ffc348f0000 - 0x00007ffc34906000 	E:\programming_tools\JavaJDK\bin\nio.dll
0x00007ffc348d0000 - 0x00007ffc348e8000 	E:\programming_tools\JavaJDK\bin\zip.dll
0x00007ffc1acb0000 - 0x00007ffc1ae3f000 	E:\programming_tools\JavaJDK\bin\awt.dll
0x00007ffc46af0000 - 0x00007ffc46b87000 	C:\WINDOWS\SYSTEM32\apphelp.dll
0x00007ffc472d0000 - 0x00007ffc472fb000 	C:\WINDOWS\system32\DWMAPI.DLL
0x00007ffc46de0000 - 0x00007ffc46e8b000 	C:\WINDOWS\system32\uxtheme.dll
0x00007ffc2aec0000 - 0x00007ffc2afc0000 	C:\WINDOWS\system32\opengl32.dll
0x00007ffc2f470000 - 0x00007ffc2f49d000 	C:\WINDOWS\SYSTEM32\GLU32.dll
0x00007ffc47180000 - 0x00007ffc471b6000 	C:\WINDOWS\SYSTEM32\dxcore.dll
0x00007ffc4a8b0000 - 0x00007ffc4a9ce000 	C:\WINDOWS\System32\MSCTF.dll
0x00007ffc4b710000 - 0x00007ffc4b8ac000 	C:\WINDOWS\System32\ole32.dll
0x00007ffc3b420000 - 0x00007ffc3b430000 	E:\programming_tools\JavaJDK\bin\verify.dll
0x00007ffc290e0000 - 0x00007ffc29169000 	E:\programming_tools\JavaJDK\bin\freetype.dll
0x00007ffc19be0000 - 0x00007ffc19c88000 	E:\programming_tools\JavaJDK\bin\fontmanager.dll
0x00007ffc26560000 - 0x00007ffc2668d000 	C:\WINDOWS\SYSTEM32\textinputframework.dll
0x00007ffc1d4a0000 - 0x00007ffc1d8e1000 	C:\Windows\System32\uiautomationcore.dll
0x00007ffc268d0000 - 0x00007ffc26939000 	C:\Windows\System32\OLEACC.dll
0x00007ffc4c4b0000 - 0x00007ffc4c567000 	C:\WINDOWS\System32\clbcatq.dll
0x00007ffc48a40000 - 0x00007ffc48b32000 	C:\WINDOWS\SYSTEM32\DNSAPI.dll
0x00007ffc48a10000 - 0x00007ffc48a3d000 	C:\WINDOWS\SYSTEM32\IPHLPAPI.DLL
0x00007ffc4af30000 - 0x00007ffc4af39000 	C:\WINDOWS\System32\NSI.dll
0x00007ffc3dd20000 - 0x00007ffc3dd2a000 	C:\Windows\System32\rasadhlp.dll
0x00007ffc3e380000 - 0x00007ffc3e403000 	C:\WINDOWS\System32\fwpuclnt.dll
0x00007ffc46720000 - 0x00007ffc46853000 	C:\WINDOWS\SYSTEM32\CoreMessaging.dll
0x00007ffc41110000 - 0x00007ffc4147c000 	C:\WINDOWS\SYSTEM32\CoreUIComponents.dll
0x00007ffc496f0000 - 0x00007ffc496fc000 	C:\WINDOWS\SYSTEM32\CRYPTBASE.DLL
0x00007ffbeac50000 - 0x00007ffbeae5a000 	C:\WINDOWS\system32\sogoutsf.ime
0x00007ffc389d0000 - 0x00007ffc389d7000 	C:\WINDOWS\system32\MSIMG32.dll
0x00007ffbe9790000 - 0x00007ffbea0c9000 	C:\WINDOWS\system32\SogouPy.ime
0x00007ffc49070000 - 0x00007ffc490a4000 	C:\WINDOWS\SYSTEM32\ntmarta.dll
0x0000000010000000 - 0x0000000010216000 	D:\Softwares\SogouInput\11.6.0.5419\Resource.dll
0x00007ffbe65a0000 - 0x00007ffbe680a000 	D:\Softwares\SogouInput\Components\PicFace\1.1.0.1881\PicFace64.dll
0x00007ffc4af40000 - 0x00007ffc4b036000 	C:\WINDOWS\System32\COMDLG32.dll
0x00007ffc331e0000 - 0x00007ffc33290000 	C:\WINDOWS\SYSTEM32\TextShaping.dll
0x00007ffc28c00000 - 0x00007ffc28c15000 	C:\Windows\System32\threadpoolwinrt.dll

dbghelp: loaded successfully - version: 4.0.5 - missing functions: none
symbol engine: initialized successfully - sym options: 0x614 - pdb path: .;E:\programming_tools\JavaJDK\bin;C:\WINDOWS\SYSTEM32;C:\WINDOWS\WinSxS\amd64_microsoft.windows.common-controls_6595b64144ccf1df_6.0.22621.608_none_a9444ca7c10bb01d;E:\programming_tools\JavaJDK\bin\server;D:\Softwares\SogouInput\11.6.0.5419;D:\Softwares\SogouInput\Components\PicFace\1.1.0.1881

VM Arguments:
java_command: target/client-jar-with-dependencies.jar admin 3200 localhost 3201
java_class_path (initial): target/client-jar-with-dependencies.jar
Launcher Type: SUN_STANDARD

[Global flags]
     intx CICompilerCount                          = 12                                        {product} {ergonomic}
     uint ConcGCThreads                            = 3                                         {product} {ergonomic}
     uint G1ConcRefinementThreads                  = 13                                        {product} {ergonomic}
   size_t G1HeapRegionSize                         = 2097152                                   {product} {ergonomic}
    uintx GCDrainStackTargetSize                   = 64                                        {product} {ergonomic}
   size_t InitialHeapSize                          = 264241152                                 {product} {ergonomic}
   size_t MarkStackSize                            = 4194304                                   {product} {ergonomic}
   size_t MaxHeapSize                              = 4227858432                                {product} {ergonomic}
   size_t MaxNewSize                               = 2535456768                                {product} {ergonomic}
   size_t MinHeapDeltaBytes                        = 2097152                                   {product} {ergonomic}
   size_t MinHeapSize                              = 8388608                                   {product} {ergonomic}
    uintx NonNMethodCodeHeapSize                   = 7602480                                {pd product} {ergonomic}
    uintx NonProfiledCodeHeapSize                  = 122027880                              {pd product} {ergonomic}
    uintx ProfiledCodeHeapSize                     = 122027880                              {pd product} {ergonomic}
    uintx ReservedCodeCacheSize                    = 251658240                              {pd product} {ergonomic}
     bool SegmentedCodeCache                       = true                                      {product} {ergonomic}
   size_t SoftMaxHeapSize                          = 4227858432                             {manageable} {ergonomic}
     bool UseCompressedClassPointers               = true                           {product lp64_product} {ergonomic}
     bool UseCompressedOops                        = true                           {product lp64_product} {ergonomic}
     bool UseG1GC                                  = true                                      {product} {ergonomic}
     bool UseLargePagesIndividualAllocation        = false                                  {pd product} {ergonomic}

Logging:
Log output configuration:
 #0: stdout all=warning uptime,level,tags
 #1: stderr all=off uptime,level,tags

Environment Variables:
PATH=C:\Program Files\Microsoft MPI\Bin\;C:\Program Files\Common Files\Oracle\Java\javapath;C:\Windows\system32;C:\Windows;C:\Windows\System32\Wbem;C:\Windows\System32\WindowsPowerShell\v1.0\;C:\Windows\System32\OpenSSH\;C:\Program Files (x86)\NVIDIA Corporation\PhysX\Common;C:\Program Files\NVIDIA Corporation\NVIDIA NvDLISR;E:\programming_tools\Git\cmd;E:\programming_tools\MATLAB\bin;C:\Program Files\dotnet\;E:\programming_tools\Graphviz\bin;E:\other_codes\putty\;C:\Program Files\Docker\Docker\resources\bin;C:\ProgramData\DockerDesktop\version-bin;C:\WINDOWS\system32;C:\WINDOWS;C:\WINDOWS\System32\Wbem;C:\WINDOWS\System32\WindowsPowerShell\v1.0\;C:\WINDOWS\System32\OpenSSH\;C:\Program Files\MySQL\MySQL Shell 8.0\bin\;E:\programming_tools\Python\Scripts\;E:\programming_tools\Python\;C:\Users\Arthu\AppData\Local\Microsoft\WindowsApps;E:\programming_tools\Microsoft VS Code\bin;E:\programming_tools\PyCharm 2021.3.2\bin;;E:\programming_tools\CLion 2021.3.3\bin;;E:\programming_tools\IntelliJiDEA\IntelliJ IDEA 2022.2.1\bin;;C:\Program Files\MySQL\MySQL Server 8.0\bin\;E:\programming_tools\apache-ant-1.9.16-bin\apache-ant-1.9.16\bin;E:\programming_tools\apache-maven-3.8.6-bin\apache-maven-3.8.6\bin;E:\programming_tools\CLion 2021.3.3\bin\mingw\bin;C:\Program Files\Microsoft MPI\Bin;
USERNAME=Arthu
OS=Windows_NT
PROCESSOR_IDENTIFIER=Intel64 Family 6 Model 141 Stepping 1, GenuineIntel



---------------  S Y S T E M  ---------------

OS:
 Windows 11 , 64 bit Build 22621 (10.0.22621.608)
OS uptime: 0 days 1:35 hours
Hyper-V role detected

CPU: total 16 (initial active 16) (8 cores per cpu, 2 threads per core) family 6 model 141 stepping 1 microcode 0x3e, cx8, cmov, fxsr, ht, mmx, 3dnowpref, sse, sse2, sse3, ssse3, sse4.1, sse4.2, popcnt, lzcnt, tsc, tscinvbit, avx, avx2, aes, erms, clmul, bmi1, bmi2, adx, avx512f, avx512dq, avx512cd, avx512bw, avx512vl, sha, fma, vzeroupper, avx512_vpopcntdq, avx512_vpclmulqdq, avx512_vaes, avx512_vnni, clflush, clflushopt, clwb, avx512_vbmi2, avx512_vbmi, hv

Memory: 4k page, system-wide physical 16122M (858M free)
TotalPageFile size 24314M (AvailPageFile size 0M)
current process WorkingSet (physical memory assigned to process): 121M, peak: 121M
current process commit charge ("private bytes"): 389M, peak: 389M

vm_info: Java HotSpot(TM) 64-Bit Server VM (17.0.2+8-LTS-86) for windows-amd64 JRE (17.0.2+8-LTS-86), built on Dec  7 2021 21:51:03 by "mach5one" with MS VC++ 16.8 / 16.9 (VS2019)

END.
